# JRE version: OpenJDK Runtime Environment OpenLogic-OpenJDK (17.0.11+9) (build 17.0.11+9-adhoc..jdk17u)
# Java VM: OpenJDK 64-Bit Server VM OpenLogic-OpenJDK (17.0.11+9-adhoc..jdk17u, mixed mode, sharing, tiered, compressed oops, compressed class ptrs, g1 gc, windows-amd64)
GC Precious Log:
 CPUs: 8 total, 8 available
 Memory: 16167M
 Large Page Support: Disabled
 NUMA Support: Disabled
 Compressed Oops: Enabled (32-bit)
 Heap Region Size: 1M
 Heap Min Capacity: 8M
 Heap Initial Capacity: 254M
 Heap Max Capacity: 2G
 Pre-touch: Disabled
 Parallel Workers: 8
 Concurrent Workers: 2
 Concurrent Refinement Workers: 8
 Periodic GC: Disabled
Heap:
 garbage-first heap   total 157696K, used 89465K [0x0000000080000000, 0x0000000100000000)
  region size 1024K, 2 young (2048K), 2 survivors (2048K)
 Metaspace       used 79650K, committed 80384K, reserved 557056K
  class space    used 11182K, committed 11520K, reserved 425984K
GC Heap History (20 events):
Event: 11.649 GC heap after
{Heap after GC invocations=26 (full 0):
 garbage-first heap   total 115712K, used 62658K [0x0000000080000000, 0x0000000100000000)
  region size 1024K, 1 young (1024K), 1 survivors (1024K)
 Metaspace       used 61461K, committed 62080K, reserved 491520K
  class space    used 8714K, committed 9024K, reserved 425984K
}
Event: 11.905 GC heap before
{Heap before GC invocations=26 (full 0):
 garbage-first heap   total 115712K, used 93378K [0x0000000080000000, 0x0000000100000000)
  region size 1024K, 31 young (31744K), 1 survivors (1024K)
 Metaspace       used 62993K, committed 63744K, reserved 491520K
  class space    used 8942K, committed 9280K, reserved 425984K
}
Event: 11.907 GC heap after
{Heap after GC invocations=27 (full 0):
 garbage-first heap   total 147456K, used 64659K [0x0000000080000000, 0x0000000100000000)
  region size 1024K, 3 young (3072K), 3 survivors (3072K)
 Metaspace       used 62993K, committed 63744K, reserved 491520K
  class space    used 8942K, committed 9280K, reserved 425984K
}
Event: 12.596 GC heap before
{Heap before GC invocations=28 (full 0):
 garbage-first heap   total 147456K, used 114835K [0x0000000080000000, 0x0000000100000000)
  region size 1024K, 52 young (53248K), 3 survivors (3072K)
 Metaspace       used 66364K, committed 67072K, reserved 491520K
  class space    used 9460K, committed 9792K, reserved 425984K
}
Event: 12.601 GC heap after
{Heap after GC invocations=29 (full 0):
 garbage-first heap   total 147456K, used 68712K [0x0000000080000000, 0x0000000100000000)
  region size 1024K, 7 young (7168K), 7 survivors (7168K)
 Metaspace       used 66364K, committed 67072K, reserved 491520K
  class space    used 9460K, committed 9792K, reserved 425984K
}
Event: 12.610 GC heap before
{Heap before GC invocations=29 (full 0):
 garbage-first heap   total 147456K, used 69736K [0x0000000080000000, 0x0000000100000000)
  region size 1024K, 8 young (8192K), 7 survivors (7168K)
 Metaspace       used 66485K, committed 67136K, reserved 491520K
  class space    used 9486K, committed 9792K, reserved 425984K
}
Event: 12.613 GC heap after
{Heap after GC invocations=30 (full 0):
 garbage-first heap   total 147456K, used 69197K [0x0000000080000000, 0x0000000100000000)
  region size 1024K, 1 young (1024K), 1 survivors (1024K)
 Metaspace       used 66485K, committed 67136K, reserved 491520K
  class space    used 9486K, committed 9792K, reserved 425984K
}
Event: 13.008 GC heap before
{Heap before GC invocations=30 (full 0):
 garbage-first heap   total 147456K, used 109133K [0x0000000080000000, 0x0000000100000000)
  region size 1024K, 42 young (43008K), 1 survivors (1024K)
 Metaspace       used 67667K, committed 68352K, reserved 491520K
  class space    used 9678K, committed 9984K, reserved 425984K
}
Event: 13.010 GC heap after
{Heap after GC invocations=31 (full 0):
 garbage-first heap   total 147456K, used 70293K [0x0000000080000000, 0x0000000100000000)
  region size 1024K, 2 young (2048K), 2 survivors (2048K)
 Metaspace       used 67667K, committed 68352K, reserved 491520K
  class space    used 9678K, committed 9984K, reserved 425984K
}
Event: 13.526 GC heap before
{Heap before GC invocations=32 (full 0):
 garbage-first heap   total 147456K, used 123541K [0x0000000080000000, 0x0000000100000000)
  region size 1024K, 49 young (50176K), 2 survivors (2048K)
 Metaspace       used 70841K, committed 71552K, reserved 491520K
  class space    used 10028K, committed 10368K, reserved 425984K
}
Event: 13.529 GC heap after
{Heap after GC invocations=33 (full 0):
 garbage-first heap   total 147456K, used 82690K [0x0000000080000000, 0x0000000100000000)
  region size 1024K, 7 young (7168K), 7 survivors (7168K)
 Metaspace       used 70841K, committed 71552K, reserved 491520K
  class space    used 10028K, committed 10368K, reserved 425984K
}
Event: 13.535 GC heap before
{Heap before GC invocations=33 (full 0):
 garbage-first heap   total 147456K, used 82690K [0x0000000080000000, 0x0000000100000000)
  region size 1024K, 8 young (8192K), 7 survivors (7168K)
 Metaspace       used 70897K, committed 71616K, reserved 491520K
  class space    used 10038K, committed 10368K, reserved 425984K
}
Event: 13.538 GC heap after
{Heap after GC invocations=34 (full 0):
 garbage-first heap   total 147456K, used 82511K [0x0000000080000000, 0x0000000100000000)
  region size 1024K, 1 young (1024K), 1 survivors (1024K)
 Metaspace       used 70897K, committed 71616K, reserved 491520K
  class space    used 10038K, committed 10368K, reserved 425984K
}
Event: 13.864 GC heap before
{Heap before GC invocations=34 (full 0):
 garbage-first heap   total 147456K, used 127567K [0x0000000080000000, 0x0000000100000000)
  region size 1024K, 39 young (39936K), 1 survivors (1024K)
 Metaspace       used 73758K, committed 74496K, reserved 491520K
  class space    used 10392K, committed 10688K, reserved 425984K
}
Event: 13.867 GC heap after
{Heap after GC invocations=35 (full 0):
 garbage-first heap   total 147456K, used 86385K [0x0000000080000000, 0x0000000100000000)
  region size 1024K, 5 young (5120K), 5 survivors (5120K)
 Metaspace       used 73758K, committed 74496K, reserved 491520K
  class space    used 10392K, committed 10688K, reserved 425984K
}
Event: 14.102 GC heap before
{Heap before GC invocations=36 (full 0):
 garbage-first heap   total 157696K, used 120177K [0x0000000080000000, 0x0000000100000000)
  region size 1024K, 38 young (38912K), 5 survivors (5120K)
 Metaspace       used 76141K, committed 76864K, reserved 557056K
  class space    used 10703K, committed 11008K, reserved 425984K
}
Event: 14.104 GC heap after
{Heap after GC invocations=37 (full 0):
 garbage-first heap   total 157696K, used 88230K [0x0000000080000000, 0x0000000100000000)
  region size 1024K, 2 young (2048K), 2 survivors (2048K)
 Metaspace       used 76141K, committed 76864K, reserved 557056K
  class space    used 10703K, committed 11008K, reserved 425984K
}
Event: 14.141 GC heap before
{Heap before GC invocations=37 (full 0):
 garbage-first heap   total 157696K, used 93350K [0x0000000080000000, 0x0000000100000000)
  region size 1024K, 7 young (7168K), 2 survivors (2048K)
 Metaspace       used 76465K, committed 77184K, reserved 557056K
  class space    used 10747K, committed 11072K, reserved 425984K
}
Event: 14.144 GC heap after
{Heap after GC invocations=38 (full 0):
 garbage-first heap   total 157696K, used 88348K [0x0000000080000000, 0x0000000100000000)
  region size 1024K, 1 young (1024K), 1 survivors (1024K)
 Metaspace       used 76465K, committed 77184K, reserved 557056K
  class space    used 10747K, committed 11072K, reserved 425984K
}
Event: 14.404 GC heap before
{Heap before GC invocations=38 (full 0):
 garbage-first heap   total 157696K, used 130332K [0x0000000080000000, 0x0000000100000000)
  region size 1024K, 42 young (43008K), 1 survivors (1024K)
 Metaspace       used 79650K, committed 80384K, reserved 557056K
  class space    used 11182K, committed 11520K, reserved 425984K
}

